{"C:\\Users\\Shankar\\agile development\\2ndWave_Econtent_Management_System\\backend\\app.js": {"path":"C:\\Users\\Shankar\\agile development\\2ndWave_Econtent_Management_System\\backend\\app.js","statementMap":{"0":{"start":{"line":1,"column":16},"end":{"line":1,"column":34}},"1":{"start":{"line":2,"column":19},"end":{"line":2,"column":41}},"2":{"start":{"line":3,"column":13},"end":{"line":3,"column":28}},"3":{"start":{"line":4,"column":22},"end":{"line":4,"column":54}},"4":{"start":{"line":6,"column":10},"end":{"line":6,"column":19}},"5":{"start":{"line":7,"column":0},"end":{"line":7,"column":52}},"6":{"start":{"line":8,"column":0},"end":{"line":8,"column":23}},"7":{"start":{"line":9,"column":0},"end":{"line":9,"column":25}},"8":{"start":{"line":10,"column":19},"end":{"line":10,"column":47}},"9":{"start":{"line":11,"column":22},"end":{"line":11,"column":54}},"10":{"start":{"line":12,"column":23},"end":{"line":12,"column":51}},"11":{"start":{"line":13,"column":15},"end":{"line":13,"column":45}},"12":{"start":{"line":14,"column":0},"end":{"line":14,"column":16}},"13":{"start":{"line":15,"column":0},"end":{"line":15,"column":19}},"14":{"start":{"line":16,"column":0},"end":{"line":16,"column":22}},"15":{"start":{"line":17,"column":0},"end":{"line":17,"column":23}},"16":{"start":{"line":18,"column":0},"end":{"line":18,"column":15}},"17":{"start":{"line":19,"column":0},"end":{"line":19,"column":35}},"18":{"start":{"line":20,"column":13},"end":{"line":20,"column":35}},"19":{"start":{"line":22,"column":15},"end":{"line":24,"column":2}},"20":{"start":{"line":23,"column":4},"end":{"line":23,"column":45}},"21":{"start":{"line":25,"column":11},"end":{"line":31,"column":2}},"22":{"start":{"line":35,"column":0},"end":{"line":38,"column":11}},"23":{"start":{"line":36,"column":4},"end":{"line":36,"column":15}},"24":{"start":{"line":42,"column":0},"end":{"line":56,"column":3}},"25":{"start":{"line":44,"column":1},"end":{"line":44,"column":30}},"26":{"start":{"line":45,"column":1},"end":{"line":47,"column":4}},"27":{"start":{"line":46,"column":2},"end":{"line":46,"column":36}},"28":{"start":{"line":49,"column":1},"end":{"line":51,"column":4}},"29":{"start":{"line":50,"column":2},"end":{"line":50,"column":73}},"30":{"start":{"line":53,"column":1},"end":{"line":55,"column":4}},"31":{"start":{"line":54,"column":2},"end":{"line":54,"column":50}},"32":{"start":{"line":61,"column":0},"end":{"line":61,"column":21}}},"fnMap":{"0":{"name":"(anonymous_0)","decl":{"start":{"line":22,"column":32},"end":{"line":22,"column":33}},"loc":{"start":{"line":22,"column":52},"end":{"line":24,"column":1}},"line":22},"1":{"name":"(anonymous_1)","decl":{"start":{"line":35,"column":70},"end":{"line":35,"column":71}},"loc":{"start":{"line":35,"column":91},"end":{"line":38,"column":1}},"line":35},"2":{"name":"(anonymous_2)","decl":{"start":{"line":42,"column":20},"end":{"line":42,"column":21}},"loc":{"start":{"line":42,"column":32},"end":{"line":56,"column":1}},"line":42},"3":{"name":"(anonymous_3)","decl":{"start":{"line":45,"column":25},"end":{"line":45,"column":26}},"loc":{"start":{"line":45,"column":31},"end":{"line":47,"column":2}},"line":45},"4":{"name":"(anonymous_4)","decl":{"start":{"line":49,"column":23},"end":{"line":49,"column":24}},"loc":{"start":{"line":49,"column":67},"end":{"line":51,"column":2}},"line":49},"5":{"name":"(anonymous_5)","decl":{"start":{"line":53,"column":25},"end":{"line":53,"column":26}},"loc":{"start":{"line":53,"column":35},"end":{"line":55,"column":2}},"line":53}},"branchMap":{"0":{"loc":{"start":{"line":20,"column":13},"end":{"line":20,"column":35}},"type":"binary-expr","locations":[{"start":{"line":20,"column":13},"end":{"line":20,"column":29}},{"start":{"line":20,"column":33},"end":{"line":20,"column":35}}],"line":20}},"s":{"0":1,"1":1,"2":1,"3":1,"4":1,"5":1,"6":1,"7":1,"8":1,"9":1,"10":1,"11":1,"12":1,"13":1,"14":1,"15":1,"16":1,"17":1,"18":1,"19":1,"20":1,"21":1,"22":1,"23":1,"24":1,"25":2,"26":2,"27":0,"28":2,"29":0,"30":2,"31":0,"32":1},"f":{"0":1,"1":1,"2":2,"3":0,"4":0,"5":0},"b":{"0":[1,1]},"_coverageSchema":"1a1c01bbd47fc00a2c39e90264f33305004495a9","hash":"e90429708b80a50f76a228cdbf2fc852e78ae88d"}
,"C:\\Users\\Shankar\\agile development\\2ndWave_Econtent_Management_System\\backend\\database\\db.js": {"path":"C:\\Users\\Shankar\\agile development\\2ndWave_Econtent_Management_System\\backend\\database\\db.js","statementMap":{"0":{"start":{"line":1,"column":15},"end":{"line":1,"column":34}},"1":{"start":{"line":2,"column":0},"end":{"line":7,"column":32}},"2":{"start":{"line":6,"column":14},"end":{"line":6,"column":60}},"3":{"start":{"line":7,"column":14},"end":{"line":7,"column":30}}},"fnMap":{"0":{"name":"(anonymous_0)","decl":{"start":{"line":6,"column":8},"end":{"line":6,"column":9}},"loc":{"start":{"line":6,"column":14},"end":{"line":6,"column":60}},"line":6},"1":{"name":"(anonymous_1)","decl":{"start":{"line":7,"column":7},"end":{"line":7,"column":8}},"loc":{"start":{"line":7,"column":14},"end":{"line":7,"column":30}},"line":7}},"branchMap":{"0":{"loc":{"start":{"line":2,"column":17},"end":{"line":2,"column":90}},"type":"binary-expr","locations":[{"start":{"line":2,"column":17},"end":{"line":2,"column":40}},{"start":{"line":2,"column":44},"end":{"line":2,"column":90}}],"line":2}},"s":{"0":1,"1":1,"2":1,"3":0},"f":{"0":1,"1":0},"b":{"0":[1,1]},"_coverageSchema":"1a1c01bbd47fc00a2c39e90264f33305004495a9","hash":"76d1a3697ba99ba035fc7a3e662845a3a07761af"}
,"C:\\Users\\Shankar\\agile development\\2ndWave_Econtent_Management_System\\backend\\middleware\\authentication.js": {"path":"C:\\Users\\Shankar\\agile development\\2ndWave_Econtent_Management_System\\backend\\middleware\\authentication.js","statementMap":{"0":{"start":{"line":2,"column":12},"end":{"line":2,"column":35}},"1":{"start":{"line":3,"column":13},"end":{"line":3,"column":37}},"2":{"start":{"line":7,"column":0},"end":{"line":29,"column":1}},"3":{"start":{"line":9,"column":4},"end":{"line":27,"column":5}},"4":{"start":{"line":10,"column":22},"end":{"line":10,"column":61}},"5":{"start":{"line":11,"column":29},"end":{"line":11,"column":59}},"6":{"start":{"line":14,"column":8},"end":{"line":22,"column":14}},"7":{"start":{"line":17,"column":16},"end":{"line":17,"column":37}},"8":{"start":{"line":18,"column":16},"end":{"line":18,"column":23}},"9":{"start":{"line":21,"column":16},"end":{"line":21,"column":54}},"10":{"start":{"line":26,"column":8},"end":{"line":26,"column":46}},"11":{"start":{"line":32,"column":0},"end":{"line":40,"column":1}},"12":{"start":{"line":33,"column":4},"end":{"line":38,"column":5}},"13":{"start":{"line":34,"column":8},"end":{"line":34,"column":72}},"14":{"start":{"line":36,"column":9},"end":{"line":38,"column":5}},"15":{"start":{"line":37,"column":8},"end":{"line":37,"column":65}},"16":{"start":{"line":39,"column":4},"end":{"line":39,"column":10}}},"fnMap":{"0":{"name":"(anonymous_0)","decl":{"start":{"line":7,"column":28},"end":{"line":7,"column":29}},"loc":{"start":{"line":7,"column":54},"end":{"line":29,"column":1}},"line":7},"1":{"name":"(anonymous_1)","decl":{"start":{"line":15,"column":18},"end":{"line":15,"column":19}},"loc":{"start":{"line":15,"column":38},"end":{"line":19,"column":13}},"line":15},"2":{"name":"(anonymous_2)","decl":{"start":{"line":20,"column":19},"end":{"line":20,"column":20}},"loc":{"start":{"line":20,"column":34},"end":{"line":22,"column":13}},"line":20},"3":{"name":"(anonymous_3)","decl":{"start":{"line":32,"column":29},"end":{"line":32,"column":30}},"loc":{"start":{"line":32,"column":55},"end":{"line":40,"column":1}},"line":32}},"branchMap":{"0":{"loc":{"start":{"line":33,"column":4},"end":{"line":38,"column":5}},"type":"if","locations":[{"start":{"line":33,"column":4},"end":{"line":38,"column":5}},{"start":{"line":33,"column":4},"end":{"line":38,"column":5}}],"line":33},"1":{"loc":{"start":{"line":36,"column":9},"end":{"line":38,"column":5}},"type":"if","locations":[{"start":{"line":36,"column":9},"end":{"line":38,"column":5}},{"start":{"line":36,"column":9},"end":{"line":38,"column":5}}],"line":36}},"s":{"0":1,"1":1,"2":1,"3":1,"4":1,"5":1,"6":1,"7":1,"8":1,"9":0,"10":0,"11":1,"12":0,"13":0,"14":0,"15":0,"16":0},"f":{"0":1,"1":1,"2":0,"3":0},"b":{"0":[0,0],"1":[0,0]},"_coverageSchema":"1a1c01bbd47fc00a2c39e90264f33305004495a9","hash":"3e84dbb778eef40bdc987656a1af29bd1ba3edc6"}
,"C:\\Users\\Shankar\\agile development\\2ndWave_Econtent_Management_System\\backend\\middleware\\upload.js": {"path":"C:\\Users\\Shankar\\agile development\\2ndWave_Econtent_Management_System\\backend\\middleware\\upload.js","statementMap":{"0":{"start":{"line":1,"column":15},"end":{"line":1,"column":32}},"1":{"start":{"line":3,"column":19},"end":{"line":11,"column":1}},"2":{"start":{"line":5,"column":4},"end":{"line":10,"column":5}},"3":{"start":{"line":6,"column":8},"end":{"line":6,"column":22}},"4":{"start":{"line":8,"column":8},"end":{"line":10,"column":5}},"5":{"start":{"line":13,"column":16},"end":{"line":21,"column":2}},"6":{"start":{"line":15,"column":8},"end":{"line":15,"column":31}},"7":{"start":{"line":19,"column":8},"end":{"line":19,"column":48}},"8":{"start":{"line":23,"column":15},"end":{"line":29,"column":2}},"9":{"start":{"line":31,"column":0},"end":{"line":31,"column":24}}},"fnMap":{"0":{"name":"(anonymous_0)","decl":{"start":{"line":3,"column":19},"end":{"line":3,"column":20}},"loc":{"start":{"line":3,"column":40},"end":{"line":11,"column":1}},"line":3},"1":{"name":"(anonymous_1)","decl":{"start":{"line":14,"column":17},"end":{"line":14,"column":18}},"loc":{"start":{"line":14,"column":42},"end":{"line":17,"column":5}},"line":14},"2":{"name":"(anonymous_2)","decl":{"start":{"line":18,"column":14},"end":{"line":18,"column":15}},"loc":{"start":{"line":18,"column":39},"end":{"line":20,"column":5}},"line":18}},"branchMap":{"0":{"loc":{"start":{"line":5,"column":4},"end":{"line":10,"column":5}},"type":"if","locations":[{"start":{"line":5,"column":4},"end":{"line":10,"column":5}},{"start":{"line":5,"column":4},"end":{"line":10,"column":5}}],"line":5},"1":{"loc":{"start":{"line":5,"column":7},"end":{"line":5,"column":90}},"type":"binary-expr","locations":[{"start":{"line":5,"column":7},"end":{"line":5,"column":34}},{"start":{"line":5,"column":36},"end":{"line":5,"column":62}},{"start":{"line":5,"column":64},"end":{"line":5,"column":90}}],"line":5}},"s":{"0":1,"1":1,"2":0,"3":0,"4":0,"5":1,"6":0,"7":0,"8":1,"9":1},"f":{"0":0,"1":0,"2":0},"b":{"0":[0,0],"1":[0,0,0]},"_coverageSchema":"1a1c01bbd47fc00a2c39e90264f33305004495a9","hash":"61ea826cadbc6c2077ee207a92b5b8e6fafdd4ae"}
,"C:\\Users\\Shankar\\agile development\\2ndWave_Econtent_Management_System\\backend\\middleware\\uploadvideo.js": {"path":"C:\\Users\\Shankar\\agile development\\2ndWave_Econtent_Management_System\\backend\\middleware\\uploadvideo.js","statementMap":{"0":{"start":{"line":1,"column":15},"end":{"line":1,"column":32}},"1":{"start":{"line":3,"column":19},"end":{"line":11,"column":1}},"2":{"start":{"line":4,"column":4},"end":{"line":10,"column":5}},"3":{"start":{"line":5,"column":8},"end":{"line":5,"column":22}},"4":{"start":{"line":8,"column":8},"end":{"line":8,"column":34}},"5":{"start":{"line":9,"column":8},"end":{"line":9,"column":23}},"6":{"start":{"line":13,"column":16},"end":{"line":22,"column":1}},"7":{"start":{"line":16,"column":12},"end":{"line":16,"column":33}},"8":{"start":{"line":19,"column":12},"end":{"line":19,"column":52}},"9":{"start":{"line":25,"column":20},"end":{"line":34,"column":2}},"10":{"start":{"line":36,"column":0},"end":{"line":36,"column":29}}},"fnMap":{"0":{"name":"(anonymous_0)","decl":{"start":{"line":3,"column":19},"end":{"line":3,"column":20}},"loc":{"start":{"line":3,"column":44},"end":{"line":11,"column":1}},"line":3},"1":{"name":"(anonymous_1)","decl":{"start":{"line":15,"column":21},"end":{"line":15,"column":22}},"loc":{"start":{"line":15,"column":46},"end":{"line":17,"column":9}},"line":15},"2":{"name":"(anonymous_2)","decl":{"start":{"line":18,"column":18},"end":{"line":18,"column":19}},"loc":{"start":{"line":18,"column":43},"end":{"line":20,"column":9}},"line":18}},"branchMap":{"0":{"loc":{"start":{"line":4,"column":4},"end":{"line":10,"column":5}},"type":"if","locations":[{"start":{"line":4,"column":4},"end":{"line":10,"column":5}},{"start":{"line":4,"column":4},"end":{"line":10,"column":5}}],"line":4},"1":{"loc":{"start":{"line":4,"column":8},"end":{"line":4,"column":236}},"type":"binary-expr","locations":[{"start":{"line":4,"column":8},"end":{"line":4,"column":36}},{"start":{"line":4,"column":40},"end":{"line":4,"column":69}},{"start":{"line":4,"column":73},"end":{"line":4,"column":101}},{"start":{"line":4,"column":105},"end":{"line":4,"column":140}},{"start":{"line":4,"column":144},"end":{"line":4,"column":236}}],"line":4}},"s":{"0":1,"1":1,"2":0,"3":0,"4":0,"5":0,"6":1,"7":0,"8":0,"9":1,"10":1},"f":{"0":0,"1":0,"2":0},"b":{"0":[0,0],"1":[0,0,0,0,0]},"_coverageSchema":"1a1c01bbd47fc00a2c39e90264f33305004495a9","hash":"fcf217401deab28414cf5307aaee2ad16c5a0418"}
,"C:\\Users\\Shankar\\agile development\\2ndWave_Econtent_Management_System\\backend\\model\\ContentBought.js": {"path":"C:\\Users\\Shankar\\agile development\\2ndWave_Econtent_Management_System\\backend\\model\\ContentBought.js","statementMap":{"0":{"start":{"line":1,"column":17},"end":{"line":1,"column":36}},"1":{"start":{"line":3,"column":22},"end":{"line":23,"column":2}},"2":{"start":{"line":25,"column":0},"end":{"line":25,"column":31}}},"fnMap":{},"branchMap":{},"s":{"0":1,"1":1,"2":1},"f":{},"b":{},"_coverageSchema":"1a1c01bbd47fc00a2c39e90264f33305004495a9","hash":"fc89f0a28e680811458a6dbeb83e77ebd5fd3fdd"}
,"C:\\Users\\Shankar\\agile development\\2ndWave_Econtent_Management_System\\backend\\model\\RateChannel.js": {"path":"C:\\Users\\Shankar\\agile development\\2ndWave_Econtent_Management_System\\backend\\model\\RateChannel.js","statementMap":{"0":{"start":{"line":1,"column":17},"end":{"line":1,"column":36}},"1":{"start":{"line":2,"column":18},"end":{"line":2,"column":47}},"2":{"start":{"line":4,"column":20},"end":{"line":30,"column":2}},"3":{"start":{"line":32,"column":0},"end":{"line":32,"column":28}}},"fnMap":{},"branchMap":{},"s":{"0":1,"1":1,"2":1,"3":1},"f":{},"b":{},"_coverageSchema":"1a1c01bbd47fc00a2c39e90264f33305004495a9","hash":"65ddf90efdf775c65d3fccb754b1f0b823da4306"}
,"C:\\Users\\Shankar\\agile development\\2ndWave_Econtent_Management_System\\backend\\model\\RateContent.js": {"path":"C:\\Users\\Shankar\\agile development\\2ndWave_Econtent_Management_System\\backend\\model\\RateContent.js","statementMap":{"0":{"start":{"line":1,"column":17},"end":{"line":1,"column":36}},"1":{"start":{"line":2,"column":18},"end":{"line":2,"column":47}},"2":{"start":{"line":4,"column":20},"end":{"line":23,"column":2}},"3":{"start":{"line":25,"column":0},"end":{"line":25,"column":28}}},"fnMap":{},"branchMap":{},"s":{"0":1,"1":1,"2":1,"3":1},"f":{},"b":{},"_coverageSchema":"1a1c01bbd47fc00a2c39e90264f33305004495a9","hash":"1cd8516ca0127e70db58ee2ce92e4a3d3619d966"}
,"C:\\Users\\Shankar\\agile development\\2ndWave_Econtent_Management_System\\backend\\model\\SubscibeUser.js": {"path":"C:\\Users\\Shankar\\agile development\\2ndWave_Econtent_Management_System\\backend\\model\\SubscibeUser.js","statementMap":{"0":{"start":{"line":1,"column":17},"end":{"line":1,"column":36}},"1":{"start":{"line":3,"column":22},"end":{"line":23,"column":2}},"2":{"start":{"line":25,"column":0},"end":{"line":25,"column":31}}},"fnMap":{},"branchMap":{},"s":{"0":1,"1":1,"2":1},"f":{},"b":{},"_coverageSchema":"1a1c01bbd47fc00a2c39e90264f33305004495a9","hash":"d9bb80ae664e1d5ee015462477cb3af3892b1df0"}
,"C:\\Users\\Shankar\\agile development\\2ndWave_Econtent_Management_System\\backend\\model\\Uploadcontent.js": {"path":"C:\\Users\\Shankar\\agile development\\2ndWave_Econtent_Management_System\\backend\\model\\Uploadcontent.js","statementMap":{"0":{"start":{"line":2,"column":17},"end":{"line":2,"column":36}},"1":{"start":{"line":3,"column":22},"end":{"line":37,"column":2}},"2":{"start":{"line":40,"column":0},"end":{"line":40,"column":31}}},"fnMap":{},"branchMap":{},"s":{"0":1,"1":1,"2":1},"f":{},"b":{},"_coverageSchema":"1a1c01bbd47fc00a2c39e90264f33305004495a9","hash":"53172d562d702bada1d25a0a4fd66428181b3304"}
,"C:\\Users\\Shankar\\agile development\\2ndWave_Econtent_Management_System\\backend\\model\\WebsiteSubscription.js": {"path":"C:\\Users\\Shankar\\agile development\\2ndWave_Econtent_Management_System\\backend\\model\\WebsiteSubscription.js","statementMap":{"0":{"start":{"line":1,"column":17},"end":{"line":1,"column":36}},"1":{"start":{"line":3,"column":28},"end":{"line":8,"column":2}},"2":{"start":{"line":10,"column":0},"end":{"line":10,"column":37}}},"fnMap":{},"branchMap":{},"s":{"0":1,"1":1,"2":1},"f":{},"b":{},"_coverageSchema":"1a1c01bbd47fc00a2c39e90264f33305004495a9","hash":"a1bacce29e014df8a74671d43930471443de0197"}
,"C:\\Users\\Shankar\\agile development\\2ndWave_Econtent_Management_System\\backend\\model\\contactus.js": {"path":"C:\\Users\\Shankar\\agile development\\2ndWave_Econtent_Management_System\\backend\\model\\contactus.js","statementMap":{"0":{"start":{"line":1,"column":17},"end":{"line":1,"column":36}},"1":{"start":{"line":3,"column":18},"end":{"line":17,"column":2}},"2":{"start":{"line":19,"column":0},"end":{"line":19,"column":27}}},"fnMap":{},"branchMap":{},"s":{"0":1,"1":1,"2":1},"f":{},"b":{},"_coverageSchema":"1a1c01bbd47fc00a2c39e90264f33305004495a9","hash":"dce914e96526c115c4673a2134dd545e6a61c12d"}
,"C:\\Users\\Shankar\\agile development\\2ndWave_Econtent_Management_System\\backend\\model\\user.js": {"path":"C:\\Users\\Shankar\\agile development\\2ndWave_Econtent_Management_System\\backend\\model\\user.js","statementMap":{"0":{"start":{"line":1,"column":17},"end":{"line":1,"column":36}},"1":{"start":{"line":2,"column":18},"end":{"line":2,"column":47}},"2":{"start":{"line":3,"column":14},"end":{"line":58,"column":2}},"3":{"start":{"line":60,"column":0},"end":{"line":60,"column":22}}},"fnMap":{},"branchMap":{},"s":{"0":1,"1":1,"2":1,"3":1},"f":{},"b":{},"_coverageSchema":"1a1c01bbd47fc00a2c39e90264f33305004495a9","hash":"3c1205bc4c6c2bb7f46f59cd4e3a35ac1d1fed86"}
,"C:\\Users\\Shankar\\agile development\\2ndWave_Econtent_Management_System\\backend\\route\\contactUs.js": {"path":"C:\\Users\\Shankar\\agile development\\2ndWave_Econtent_Management_System\\backend\\route\\contactUs.js","statementMap":{"0":{"start":{"line":2,"column":16},"end":{"line":2,"column":34}},"1":{"start":{"line":3,"column":15},"end":{"line":3,"column":31}},"2":{"start":{"line":4,"column":18},"end":{"line":4,"column":47}},"3":{"start":{"line":7,"column":0},"end":{"line":23,"column":10}},"4":{"start":{"line":8,"column":15},"end":{"line":8,"column":28}},"5":{"start":{"line":9,"column":16},"end":{"line":9,"column":30}},"6":{"start":{"line":10,"column":16},"end":{"line":10,"column":30}},"7":{"start":{"line":11,"column":18},"end":{"line":11,"column":34}},"8":{"start":{"line":14,"column":26},"end":{"line":16,"column":10}},"9":{"start":{"line":17,"column":12},"end":{"line":22,"column":14}},"10":{"start":{"line":18,"column":16},"end":{"line":18,"column":92}},"11":{"start":{"line":20,"column":16},"end":{"line":20,"column":71}},"12":{"start":{"line":21,"column":16},"end":{"line":21,"column":32}},"13":{"start":{"line":27,"column":0},"end":{"line":37,"column":2}},"14":{"start":{"line":29,"column":16},"end":{"line":29,"column":30}},"15":{"start":{"line":30,"column":4},"end":{"line":36,"column":10}},"16":{"start":{"line":32,"column":12},"end":{"line":32,"column":80}},"17":{"start":{"line":35,"column":12},"end":{"line":35,"column":67}},"18":{"start":{"line":43,"column":0},"end":{"line":51,"column":2}},"19":{"start":{"line":44,"column":4},"end":{"line":50,"column":6}},"20":{"start":{"line":45,"column":8},"end":{"line":47,"column":10}},"21":{"start":{"line":49,"column":8},"end":{"line":49,"column":31}},"22":{"start":{"line":56,"column":0},"end":{"line":56,"column":23}}},"fnMap":{"0":{"name":"(anonymous_0)","decl":{"start":{"line":7,"column":31},"end":{"line":7,"column":32}},"loc":{"start":{"line":7,"column":51},"end":{"line":23,"column":9}},"line":7},"1":{"name":"(anonymous_1)","decl":{"start":{"line":17,"column":34},"end":{"line":17,"column":35}},"loc":{"start":{"line":17,"column":52},"end":{"line":19,"column":13}},"line":17},"2":{"name":"(anonymous_2)","decl":{"start":{"line":19,"column":21},"end":{"line":19,"column":22}},"loc":{"start":{"line":19,"column":36},"end":{"line":22,"column":13}},"line":19},"3":{"name":"(anonymous_3)","decl":{"start":{"line":27,"column":38},"end":{"line":27,"column":39}},"loc":{"start":{"line":27,"column":58},"end":{"line":37,"column":1}},"line":27},"4":{"name":"(anonymous_4)","decl":{"start":{"line":31,"column":14},"end":{"line":31,"column":15}},"loc":{"start":{"line":31,"column":32},"end":{"line":33,"column":9}},"line":31},"5":{"name":"(anonymous_5)","decl":{"start":{"line":34,"column":15},"end":{"line":34,"column":16}},"loc":{"start":{"line":34,"column":30},"end":{"line":36,"column":9}},"line":34},"6":{"name":"(anonymous_6)","decl":{"start":{"line":43,"column":27},"end":{"line":43,"column":28}},"loc":{"start":{"line":43,"column":47},"end":{"line":51,"column":1}},"line":43},"7":{"name":"(anonymous_7)","decl":{"start":{"line":44,"column":26},"end":{"line":44,"column":27}},"loc":{"start":{"line":44,"column":40},"end":{"line":48,"column":5}},"line":44},"8":{"name":"(anonymous_8)","decl":{"start":{"line":48,"column":13},"end":{"line":48,"column":14}},"loc":{"start":{"line":48,"column":26},"end":{"line":50,"column":5}},"line":48}},"branchMap":{},"s":{"0":1,"1":1,"2":1,"3":1,"4":1,"5":1,"6":1,"7":1,"8":1,"9":1,"10":1,"11":0,"12":0,"13":1,"14":0,"15":0,"16":0,"17":0,"18":1,"19":0,"20":0,"21":0,"22":1},"f":{"0":1,"1":1,"2":0,"3":0,"4":0,"5":0,"6":0,"7":0,"8":0},"b":{},"_coverageSchema":"1a1c01bbd47fc00a2c39e90264f33305004495a9","hash":"2785c61809b540b2f56423a6904282460633ff3c"}
,"C:\\Users\\Shankar\\agile development\\2ndWave_Econtent_Management_System\\backend\\route\\ratingroute.js": {"path":"C:\\Users\\Shankar\\agile development\\2ndWave_Econtent_Management_System\\backend\\route\\ratingroute.js","statementMap":{"0":{"start":{"line":1,"column":16},"end":{"line":1,"column":34}},"1":{"start":{"line":2,"column":15},"end":{"line":2,"column":31}},"2":{"start":{"line":3,"column":23},"end":{"line":3,"column":62}},"3":{"start":{"line":4,"column":20},"end":{"line":4,"column":51}},"4":{"start":{"line":5,"column":20},"end":{"line":5,"column":51}},"5":{"start":{"line":6,"column":14},"end":{"line":6,"column":38}},"6":{"start":{"line":10,"column":0},"end":{"line":40,"column":2}},"7":{"start":{"line":11,"column":26},"end":{"line":11,"column":39}},"8":{"start":{"line":12,"column":25},"end":{"line":12,"column":41}},"9":{"start":{"line":13,"column":17},"end":{"line":13,"column":30}},"10":{"start":{"line":14,"column":4},"end":{"line":38,"column":10}},"11":{"start":{"line":15,"column":25},"end":{"line":17,"column":10}},"12":{"start":{"line":16,"column":12},"end":{"line":16,"column":78}},"13":{"start":{"line":18,"column":8},"end":{"line":34,"column":9}},"14":{"start":{"line":19,"column":24},"end":{"line":19,"column":34}},"15":{"start":{"line":20,"column":27},"end":{"line":20,"column":101}},"16":{"start":{"line":21,"column":33},"end":{"line":23,"column":14}},"17":{"start":{"line":24,"column":12},"end":{"line":30,"column":18}},"18":{"start":{"line":26,"column":20},"end":{"line":26,"column":89}},"19":{"start":{"line":29,"column":20},"end":{"line":29,"column":58}},"20":{"start":{"line":33,"column":12},"end":{"line":33,"column":62}},"21":{"start":{"line":37,"column":12},"end":{"line":37,"column":50}},"22":{"start":{"line":43,"column":0},"end":{"line":65,"column":2}},"23":{"start":{"line":44,"column":26},"end":{"line":44,"column":39}},"24":{"start":{"line":45,"column":25},"end":{"line":45,"column":41}},"25":{"start":{"line":46,"column":17},"end":{"line":46,"column":30}},"26":{"start":{"line":47,"column":4},"end":{"line":63,"column":10}},"27":{"start":{"line":48,"column":25},"end":{"line":50,"column":10}},"28":{"start":{"line":49,"column":12},"end":{"line":49,"column":78}},"29":{"start":{"line":51,"column":28},"end":{"line":51,"column":45}},"30":{"start":{"line":52,"column":8},"end":{"line":59,"column":14}},"31":{"start":{"line":55,"column":16},"end":{"line":55,"column":81}},"32":{"start":{"line":58,"column":16},"end":{"line":58,"column":54}},"33":{"start":{"line":62,"column":12},"end":{"line":62,"column":50}},"34":{"start":{"line":68,"column":0},"end":{"line":83,"column":2}},"35":{"start":{"line":69,"column":26},"end":{"line":69,"column":39}},"36":{"start":{"line":70,"column":25},"end":{"line":70,"column":41}},"37":{"start":{"line":71,"column":4},"end":{"line":71,"column":36}},"38":{"start":{"line":72,"column":4},"end":{"line":82,"column":10}},"39":{"start":{"line":74,"column":29},"end":{"line":76,"column":14}},"40":{"start":{"line":75,"column":16},"end":{"line":75,"column":82}},"41":{"start":{"line":77,"column":30},"end":{"line":77,"column":54}},"42":{"start":{"line":78,"column":12},"end":{"line":78,"column":62}},"43":{"start":{"line":81,"column":12},"end":{"line":81,"column":50}},"44":{"start":{"line":87,"column":0},"end":{"line":117,"column":2}},"45":{"start":{"line":88,"column":22},"end":{"line":88,"column":35}},"46":{"start":{"line":89,"column":26},"end":{"line":89,"column":42}},"47":{"start":{"line":90,"column":17},"end":{"line":90,"column":30}},"48":{"start":{"line":91,"column":4},"end":{"line":116,"column":10}},"49":{"start":{"line":93,"column":29},"end":{"line":95,"column":14}},"50":{"start":{"line":94,"column":16},"end":{"line":94,"column":81}},"51":{"start":{"line":97,"column":12},"end":{"line":112,"column":13}},"52":{"start":{"line":98,"column":28},"end":{"line":98,"column":38}},"53":{"start":{"line":99,"column":31},"end":{"line":99,"column":105}},"54":{"start":{"line":100,"column":29},"end":{"line":102,"column":18}},"55":{"start":{"line":104,"column":16},"end":{"line":108,"column":18}},"56":{"start":{"line":105,"column":20},"end":{"line":105,"column":97}},"57":{"start":{"line":107,"column":20},"end":{"line":107,"column":58}},"58":{"start":{"line":111,"column":16},"end":{"line":111,"column":66}},"59":{"start":{"line":115,"column":12},"end":{"line":115,"column":50}},"60":{"start":{"line":120,"column":0},"end":{"line":141,"column":2}},"61":{"start":{"line":121,"column":22},"end":{"line":121,"column":35}},"62":{"start":{"line":122,"column":26},"end":{"line":122,"column":42}},"63":{"start":{"line":123,"column":17},"end":{"line":123,"column":30}},"64":{"start":{"line":124,"column":4},"end":{"line":139,"column":6}},"65":{"start":{"line":125,"column":25},"end":{"line":127,"column":10}},"66":{"start":{"line":126,"column":12},"end":{"line":126,"column":77}},"67":{"start":{"line":128,"column":28},"end":{"line":128,"column":45}},"68":{"start":{"line":129,"column":8},"end":{"line":136,"column":14}},"69":{"start":{"line":132,"column":12},"end":{"line":132,"column":77}},"70":{"start":{"line":135,"column":16},"end":{"line":135,"column":53}},"71":{"start":{"line":138,"column":8},"end":{"line":138,"column":46}},"72":{"start":{"line":144,"column":0},"end":{"line":158,"column":2}},"73":{"start":{"line":145,"column":22},"end":{"line":145,"column":35}},"74":{"start":{"line":146,"column":25},"end":{"line":146,"column":41}},"75":{"start":{"line":147,"column":4},"end":{"line":157,"column":10}},"76":{"start":{"line":149,"column":29},"end":{"line":151,"column":14}},"77":{"start":{"line":150,"column":16},"end":{"line":150,"column":80}},"78":{"start":{"line":152,"column":30},"end":{"line":152,"column":54}},"79":{"start":{"line":153,"column":12},"end":{"line":153,"column":62}},"80":{"start":{"line":156,"column":12},"end":{"line":156,"column":50}},"81":{"start":{"line":161,"column":0},"end":{"line":161,"column":23}}},"fnMap":{"0":{"name":"(anonymous_0)","decl":{"start":{"line":10,"column":61},"end":{"line":10,"column":62}},"loc":{"start":{"line":10,"column":81},"end":{"line":40,"column":1}},"line":10},"1":{"name":"(anonymous_1)","decl":{"start":{"line":14,"column":28},"end":{"line":14,"column":29}},"loc":{"start":{"line":14,"column":44},"end":{"line":35,"column":5}},"line":14},"2":{"name":"(anonymous_2)","decl":{"start":{"line":15,"column":37},"end":{"line":15,"column":38}},"loc":{"start":{"line":15,"column":52},"end":{"line":17,"column":9}},"line":15},"3":{"name":"(anonymous_3)","decl":{"start":{"line":25,"column":22},"end":{"line":25,"column":23}},"loc":{"start":{"line":25,"column":40},"end":{"line":27,"column":17}},"line":25},"4":{"name":"(anonymous_4)","decl":{"start":{"line":28,"column":23},"end":{"line":28,"column":24}},"loc":{"start":{"line":28,"column":38},"end":{"line":30,"column":17}},"line":28},"5":{"name":"(anonymous_5)","decl":{"start":{"line":36,"column":15},"end":{"line":36,"column":16}},"loc":{"start":{"line":36,"column":30},"end":{"line":38,"column":9}},"line":36},"6":{"name":"(anonymous_6)","decl":{"start":{"line":43,"column":67},"end":{"line":43,"column":68}},"loc":{"start":{"line":43,"column":87},"end":{"line":65,"column":1}},"line":43},"7":{"name":"(anonymous_7)","decl":{"start":{"line":47,"column":28},"end":{"line":47,"column":29}},"loc":{"start":{"line":47,"column":44},"end":{"line":60,"column":5}},"line":47},"8":{"name":"(anonymous_8)","decl":{"start":{"line":48,"column":37},"end":{"line":48,"column":38}},"loc":{"start":{"line":48,"column":52},"end":{"line":50,"column":9}},"line":48},"9":{"name":"(anonymous_9)","decl":{"start":{"line":54,"column":18},"end":{"line":54,"column":19}},"loc":{"start":{"line":54,"column":36},"end":{"line":56,"column":13}},"line":54},"10":{"name":"(anonymous_10)","decl":{"start":{"line":57,"column":19},"end":{"line":57,"column":20}},"loc":{"start":{"line":57,"column":36},"end":{"line":59,"column":13}},"line":57},"11":{"name":"(anonymous_11)","decl":{"start":{"line":61,"column":15},"end":{"line":61,"column":16}},"loc":{"start":{"line":61,"column":30},"end":{"line":63,"column":9}},"line":61},"12":{"name":"(anonymous_12)","decl":{"start":{"line":68,"column":56},"end":{"line":68,"column":57}},"loc":{"start":{"line":68,"column":76},"end":{"line":83,"column":1}},"line":68},"13":{"name":"(anonymous_13)","decl":{"start":{"line":73,"column":14},"end":{"line":73,"column":15}},"loc":{"start":{"line":73,"column":30},"end":{"line":79,"column":9}},"line":73},"14":{"name":"(anonymous_14)","decl":{"start":{"line":74,"column":41},"end":{"line":74,"column":42}},"loc":{"start":{"line":74,"column":56},"end":{"line":76,"column":13}},"line":74},"15":{"name":"(anonymous_15)","decl":{"start":{"line":80,"column":15},"end":{"line":80,"column":16}},"loc":{"start":{"line":80,"column":30},"end":{"line":82,"column":9}},"line":80},"16":{"name":"(anonymous_16)","decl":{"start":{"line":87,"column":61},"end":{"line":87,"column":62}},"loc":{"start":{"line":87,"column":81},"end":{"line":117,"column":1}},"line":87},"17":{"name":"(anonymous_17)","decl":{"start":{"line":92,"column":14},"end":{"line":92,"column":15}},"loc":{"start":{"line":92,"column":30},"end":{"line":113,"column":9}},"line":92},"18":{"name":"(anonymous_18)","decl":{"start":{"line":93,"column":41},"end":{"line":93,"column":42}},"loc":{"start":{"line":93,"column":56},"end":{"line":95,"column":13}},"line":93},"19":{"name":"(anonymous_19)","decl":{"start":{"line":104,"column":33},"end":{"line":104,"column":34}},"loc":{"start":{"line":104,"column":51},"end":{"line":106,"column":17}},"line":104},"20":{"name":"(anonymous_20)","decl":{"start":{"line":106,"column":25},"end":{"line":106,"column":26}},"loc":{"start":{"line":106,"column":40},"end":{"line":108,"column":17}},"line":106},"21":{"name":"(anonymous_21)","decl":{"start":{"line":114,"column":15},"end":{"line":114,"column":16}},"loc":{"start":{"line":114,"column":30},"end":{"line":116,"column":9}},"line":114},"22":{"name":"(anonymous_22)","decl":{"start":{"line":120,"column":67},"end":{"line":120,"column":68}},"loc":{"start":{"line":120,"column":87},"end":{"line":141,"column":1}},"line":120},"23":{"name":"(anonymous_23)","decl":{"start":{"line":124,"column":28},"end":{"line":124,"column":29}},"loc":{"start":{"line":124,"column":44},"end":{"line":137,"column":5}},"line":124},"24":{"name":"(anonymous_24)","decl":{"start":{"line":125,"column":37},"end":{"line":125,"column":38}},"loc":{"start":{"line":125,"column":52},"end":{"line":127,"column":9}},"line":125},"25":{"name":"(anonymous_25)","decl":{"start":{"line":131,"column":16},"end":{"line":131,"column":17}},"loc":{"start":{"line":131,"column":34},"end":{"line":133,"column":9}},"line":131},"26":{"name":"(anonymous_26)","decl":{"start":{"line":134,"column":19},"end":{"line":134,"column":20}},"loc":{"start":{"line":134,"column":33},"end":{"line":136,"column":13}},"line":134},"27":{"name":"(anonymous_27)","decl":{"start":{"line":137,"column":13},"end":{"line":137,"column":14}},"loc":{"start":{"line":137,"column":28},"end":{"line":139,"column":5}},"line":137},"28":{"name":"(anonymous_28)","decl":{"start":{"line":144,"column":63},"end":{"line":144,"column":64}},"loc":{"start":{"line":144,"column":83},"end":{"line":158,"column":1}},"line":144},"29":{"name":"(anonymous_29)","decl":{"start":{"line":148,"column":14},"end":{"line":148,"column":15}},"loc":{"start":{"line":148,"column":30},"end":{"line":154,"column":9}},"line":148},"30":{"name":"(anonymous_30)","decl":{"start":{"line":149,"column":41},"end":{"line":149,"column":42}},"loc":{"start":{"line":149,"column":56},"end":{"line":151,"column":13}},"line":149},"31":{"name":"(anonymous_31)","decl":{"start":{"line":155,"column":15},"end":{"line":155,"column":16}},"loc":{"start":{"line":155,"column":30},"end":{"line":157,"column":9}},"line":155}},"branchMap":{"0":{"loc":{"start":{"line":16,"column":19},"end":{"line":16,"column":78}},"type":"binary-expr","locations":[{"start":{"line":16,"column":19},"end":{"line":16,"column":46}},{"start":{"line":16,"column":50},"end":{"line":16,"column":78}}],"line":16},"1":{"loc":{"start":{"line":18,"column":8},"end":{"line":34,"column":9}},"type":"if","locations":[{"start":{"line":18,"column":8},"end":{"line":34,"column":9}},{"start":{"line":18,"column":8},"end":{"line":34,"column":9}}],"line":18},"2":{"loc":{"start":{"line":49,"column":19},"end":{"line":49,"column":78}},"type":"binary-expr","locations":[{"start":{"line":49,"column":19},"end":{"line":49,"column":46}},{"start":{"line":49,"column":50},"end":{"line":49,"column":78}}],"line":49},"3":{"loc":{"start":{"line":75,"column":23},"end":{"line":75,"column":82}},"type":"binary-expr","locations":[{"start":{"line":75,"column":23},"end":{"line":75,"column":50}},{"start":{"line":75,"column":54},"end":{"line":75,"column":82}}],"line":75},"4":{"loc":{"start":{"line":94,"column":23},"end":{"line":94,"column":81}},"type":"binary-expr","locations":[{"start":{"line":94,"column":23},"end":{"line":94,"column":51}},{"start":{"line":94,"column":55},"end":{"line":94,"column":81}}],"line":94},"5":{"loc":{"start":{"line":97,"column":12},"end":{"line":112,"column":13}},"type":"if","locations":[{"start":{"line":97,"column":12},"end":{"line":112,"column":13}},{"start":{"line":97,"column":12},"end":{"line":112,"column":13}}],"line":97},"6":{"loc":{"start":{"line":126,"column":19},"end":{"line":126,"column":77}},"type":"binary-expr","locations":[{"start":{"line":126,"column":19},"end":{"line":126,"column":47}},{"start":{"line":126,"column":51},"end":{"line":126,"column":77}}],"line":126},"7":{"loc":{"start":{"line":150,"column":23},"end":{"line":150,"column":80}},"type":"binary-expr","locations":[{"start":{"line":150,"column":23},"end":{"line":150,"column":50}},{"start":{"line":150,"column":54},"end":{"line":150,"column":80}}],"line":150}},"s":{"0":1,"1":1,"2":1,"3":1,"4":1,"5":1,"6":1,"7":0,"8":0,"9":0,"10":0,"11":0,"12":0,"13":0,"14":0,"15":0,"16":0,"17":0,"18":0,"19":0,"20":0,"21":0,"22":1,"23":0,"24":0,"25":0,"26":0,"27":0,"28":0,"29":0,"30":0,"31":0,"32":0,"33":0,"34":1,"35":0,"36":0,"37":0,"38":0,"39":0,"40":0,"41":0,"42":0,"43":0,"44":1,"45":0,"46":0,"47":0,"48":0,"49":0,"50":0,"51":0,"52":0,"53":0,"54":0,"55":0,"56":0,"57":0,"58":0,"59":0,"60":1,"61":0,"62":0,"63":0,"64":0,"65":0,"66":0,"67":0,"68":0,"69":0,"70":0,"71":0,"72":1,"73":0,"74":0,"75":0,"76":0,"77":0,"78":0,"79":0,"80":0,"81":1},"f":{"0":0,"1":0,"2":0,"3":0,"4":0,"5":0,"6":0,"7":0,"8":0,"9":0,"10":0,"11":0,"12":0,"13":0,"14":0,"15":0,"16":0,"17":0,"18":0,"19":0,"20":0,"21":0,"22":0,"23":0,"24":0,"25":0,"26":0,"27":0,"28":0,"29":0,"30":0,"31":0},"b":{"0":[0,0],"1":[0,0],"2":[0,0],"3":[0,0],"4":[0,0],"5":[0,0],"6":[0,0],"7":[0,0]},"_coverageSchema":"1a1c01bbd47fc00a2c39e90264f33305004495a9","hash":"d3451b38e1bf9adf91dcfe146a14cf0f0b7bc08c"}
,"C:\\Users\\Shankar\\agile development\\2ndWave_Econtent_Management_System\\backend\\route\\uploadContent.js": {"path":"C:\\Users\\Shankar\\agile development\\2ndWave_Econtent_Management_System\\backend\\route\\uploadContent.js","statementMap":{"0":{"start":{"line":1,"column":16},"end":{"line":1,"column":34}},"1":{"start":{"line":2,"column":15},"end":{"line":2,"column":31}},"2":{"start":{"line":3,"column":22},"end":{"line":3,"column":55}},"3":{"start":{"line":4,"column":20},"end":{"line":4,"column":56}},"4":{"start":{"line":5,"column":22},"end":{"line":5,"column":55}},"5":{"start":{"line":6,"column":14},"end":{"line":6,"column":38}},"6":{"start":{"line":7,"column":17},"end":{"line":7,"column":36}},"7":{"start":{"line":8,"column":23},"end":{"line":8,"column":62}},"8":{"start":{"line":11,"column":0},"end":{"line":37,"column":2}},"9":{"start":{"line":12,"column":4},"end":{"line":12,"column":26}},"10":{"start":{"line":13,"column":4},"end":{"line":13,"column":36}},"11":{"start":{"line":15,"column":4},"end":{"line":17,"column":5}},"12":{"start":{"line":16,"column":8},"end":{"line":16,"column":70}},"13":{"start":{"line":18,"column":15},"end":{"line":18,"column":28}},"14":{"start":{"line":19,"column":20},"end":{"line":19,"column":34}},"15":{"start":{"line":20,"column":18},"end":{"line":20,"column":48}},"16":{"start":{"line":21,"column":16},"end":{"line":21,"column":44}},"17":{"start":{"line":22,"column":32},"end":{"line":22,"column":52}},"18":{"start":{"line":23,"column":23},"end":{"line":23,"column":42}},"19":{"start":{"line":24,"column":18},"end":{"line":24,"column":32}},"20":{"start":{"line":25,"column":15},"end":{"line":28,"column":6}},"21":{"start":{"line":29,"column":4},"end":{"line":35,"column":6}},"22":{"start":{"line":30,"column":8},"end":{"line":30,"column":84}},"23":{"start":{"line":33,"column":8},"end":{"line":33,"column":24}},"24":{"start":{"line":34,"column":8},"end":{"line":34,"column":46}},"25":{"start":{"line":40,"column":0},"end":{"line":49,"column":2}},"26":{"start":{"line":41,"column":15},"end":{"line":41,"column":28}},"27":{"start":{"line":42,"column":4},"end":{"line":48,"column":10}},"28":{"start":{"line":44,"column":12},"end":{"line":44,"column":106}},"29":{"start":{"line":47,"column":12},"end":{"line":47,"column":67}},"30":{"start":{"line":54,"column":0},"end":{"line":63,"column":2}},"31":{"start":{"line":55,"column":4},"end":{"line":62,"column":6}},"32":{"start":{"line":56,"column":8},"end":{"line":56,"column":25}},"33":{"start":{"line":57,"column":8},"end":{"line":59,"column":10}},"34":{"start":{"line":61,"column":8},"end":{"line":61,"column":31}},"35":{"start":{"line":67,"column":0},"end":{"line":80,"column":2}},"36":{"start":{"line":68,"column":15},"end":{"line":68,"column":28}},"37":{"start":{"line":69,"column":4},"end":{"line":79,"column":6}},"38":{"start":{"line":70,"column":8},"end":{"line":76,"column":9}},"39":{"start":{"line":71,"column":12},"end":{"line":71,"column":64}},"40":{"start":{"line":74,"column":12},"end":{"line":74,"column":42}},"41":{"start":{"line":75,"column":12},"end":{"line":75,"column":29}},"42":{"start":{"line":78,"column":8},"end":{"line":78,"column":46}},"43":{"start":{"line":84,"column":0},"end":{"line":90,"column":2}},"44":{"start":{"line":85,"column":4},"end":{"line":89,"column":6}},"45":{"start":{"line":86,"column":8},"end":{"line":86,"column":66}},"46":{"start":{"line":88,"column":8},"end":{"line":88,"column":46}},"47":{"start":{"line":94,"column":0},"end":{"line":100,"column":2}},"48":{"start":{"line":95,"column":4},"end":{"line":99,"column":6}},"49":{"start":{"line":96,"column":8},"end":{"line":96,"column":66}},"50":{"start":{"line":98,"column":8},"end":{"line":98,"column":46}},"51":{"start":{"line":104,"column":0},"end":{"line":114,"column":2}},"52":{"start":{"line":105,"column":19},"end":{"line":105,"column":32}},"53":{"start":{"line":106,"column":4},"end":{"line":113,"column":10}},"54":{"start":{"line":108,"column":12},"end":{"line":108,"column":31}},"55":{"start":{"line":109,"column":12},"end":{"line":109,"column":85}},"56":{"start":{"line":112,"column":12},"end":{"line":112,"column":65}},"57":{"start":{"line":117,"column":0},"end":{"line":196,"column":2}},"58":{"start":{"line":118,"column":22},"end":{"line":118,"column":35}},"59":{"start":{"line":119,"column":28},"end":{"line":119,"column":44}},"60":{"start":{"line":120,"column":27},"end":{"line":120,"column":45}},"61":{"start":{"line":121,"column":21},"end":{"line":121,"column":38}},"62":{"start":{"line":122,"column":4},"end":{"line":193,"column":10}},"63":{"start":{"line":124,"column":12},"end":{"line":189,"column":14}},"64":{"start":{"line":125,"column":16},"end":{"line":186,"column":17}},"65":{"start":{"line":126,"column":20},"end":{"line":180,"column":26}},"66":{"start":{"line":131,"column":52},"end":{"line":131,"column":66}},"67":{"start":{"line":133,"column":28},"end":{"line":176,"column":34}},"68":{"start":{"line":136,"column":63},"end":{"line":136,"column":77}},"69":{"start":{"line":141,"column":36},"end":{"line":172,"column":38}},"70":{"start":{"line":144,"column":60},"end":{"line":146,"column":42}},"71":{"start":{"line":145,"column":44},"end":{"line":145,"column":165}},"72":{"start":{"line":150,"column":40},"end":{"line":169,"column":41}},"73":{"start":{"line":151,"column":56},"end":{"line":151,"column":66}},"74":{"start":{"line":152,"column":61},"end":{"line":152,"column":135}},"75":{"start":{"line":153,"column":67},"end":{"line":156,"column":46}},"76":{"start":{"line":157,"column":44},"end":{"line":163,"column":50}},"77":{"start":{"line":159,"column":52},"end":{"line":159,"column":127}},"78":{"start":{"line":162,"column":52},"end":{"line":162,"column":90}},"79":{"start":{"line":167,"column":44},"end":{"line":167,"column":122}},"80":{"start":{"line":171,"column":40},"end":{"line":171,"column":78}},"81":{"start":{"line":175,"column":36},"end":{"line":175,"column":74}},"82":{"start":{"line":179,"column":28},"end":{"line":179,"column":66}},"83":{"start":{"line":185,"column":20},"end":{"line":185,"column":123}},"84":{"start":{"line":192,"column":12},"end":{"line":192,"column":68}},"85":{"start":{"line":199,"column":0},"end":{"line":208,"column":2}},"86":{"start":{"line":200,"column":19},"end":{"line":200,"column":32}},"87":{"start":{"line":201,"column":4},"end":{"line":207,"column":10}},"88":{"start":{"line":203,"column":12},"end":{"line":203,"column":64}},"89":{"start":{"line":206,"column":12},"end":{"line":206,"column":50}},"90":{"start":{"line":209,"column":0},"end":{"line":217,"column":2}},"91":{"start":{"line":210,"column":4},"end":{"line":216,"column":6}},"92":{"start":{"line":211,"column":8},"end":{"line":213,"column":10}},"93":{"start":{"line":215,"column":8},"end":{"line":215,"column":31}},"94":{"start":{"line":218,"column":0},"end":{"line":218,"column":23}}},"fnMap":{"0":{"name":"(anonymous_0)","decl":{"start":{"line":11,"column":48},"end":{"line":11,"column":49}},"loc":{"start":{"line":11,"column":68},"end":{"line":37,"column":1}},"line":11},"1":{"name":"(anonymous_1)","decl":{"start":{"line":29,"column":19},"end":{"line":29,"column":20}},"loc":{"start":{"line":29,"column":37},"end":{"line":32,"column":5}},"line":29},"2":{"name":"(anonymous_2)","decl":{"start":{"line":32,"column":13},"end":{"line":32,"column":14}},"loc":{"start":{"line":32,"column":28},"end":{"line":35,"column":5}},"line":32},"3":{"name":"(anonymous_3)","decl":{"start":{"line":40,"column":37},"end":{"line":40,"column":38}},"loc":{"start":{"line":40,"column":57},"end":{"line":49,"column":1}},"line":40},"4":{"name":"(anonymous_4)","decl":{"start":{"line":43,"column":14},"end":{"line":43,"column":15}},"loc":{"start":{"line":43,"column":32},"end":{"line":45,"column":9}},"line":43},"5":{"name":"(anonymous_5)","decl":{"start":{"line":46,"column":15},"end":{"line":46,"column":16}},"loc":{"start":{"line":46,"column":30},"end":{"line":48,"column":9}},"line":46},"6":{"name":"(anonymous_6)","decl":{"start":{"line":54,"column":27},"end":{"line":54,"column":28}},"loc":{"start":{"line":54,"column":47},"end":{"line":63,"column":1}},"line":54},"7":{"name":"(anonymous_7)","decl":{"start":{"line":55,"column":30},"end":{"line":55,"column":31}},"loc":{"start":{"line":55,"column":46},"end":{"line":60,"column":5}},"line":55},"8":{"name":"(anonymous_8)","decl":{"start":{"line":60,"column":13},"end":{"line":60,"column":14}},"loc":{"start":{"line":60,"column":26},"end":{"line":62,"column":5}},"line":60},"9":{"name":"(anonymous_9)","decl":{"start":{"line":67,"column":34},"end":{"line":67,"column":35}},"loc":{"start":{"line":67,"column":54},"end":{"line":80,"column":1}},"line":67},"10":{"name":"(anonymous_10)","decl":{"start":{"line":69,"column":44},"end":{"line":69,"column":45}},"loc":{"start":{"line":69,"column":60},"end":{"line":77,"column":5}},"line":69},"11":{"name":"(anonymous_11)","decl":{"start":{"line":77,"column":13},"end":{"line":77,"column":14}},"loc":{"start":{"line":77,"column":28},"end":{"line":79,"column":5}},"line":77},"12":{"name":"(anonymous_12)","decl":{"start":{"line":84,"column":34},"end":{"line":84,"column":35}},"loc":{"start":{"line":84,"column":54},"end":{"line":90,"column":1}},"line":84},"13":{"name":"(anonymous_13)","decl":{"start":{"line":85,"column":53},"end":{"line":85,"column":54}},"loc":{"start":{"line":85,"column":71},"end":{"line":87,"column":5}},"line":85},"14":{"name":"(anonymous_14)","decl":{"start":{"line":87,"column":13},"end":{"line":87,"column":14}},"loc":{"start":{"line":87,"column":28},"end":{"line":89,"column":5}},"line":87},"15":{"name":"(anonymous_15)","decl":{"start":{"line":94,"column":46},"end":{"line":94,"column":47}},"loc":{"start":{"line":94,"column":66},"end":{"line":100,"column":1}},"line":94},"16":{"name":"(anonymous_16)","decl":{"start":{"line":95,"column":67},"end":{"line":95,"column":68}},"loc":{"start":{"line":95,"column":85},"end":{"line":97,"column":5}},"line":95},"17":{"name":"(anonymous_17)","decl":{"start":{"line":97,"column":13},"end":{"line":97,"column":14}},"loc":{"start":{"line":97,"column":28},"end":{"line":99,"column":5}},"line":97},"18":{"name":"(anonymous_18)","decl":{"start":{"line":104,"column":42},"end":{"line":104,"column":43}},"loc":{"start":{"line":104,"column":62},"end":{"line":114,"column":1}},"line":104},"19":{"name":"(anonymous_19)","decl":{"start":{"line":107,"column":14},"end":{"line":107,"column":15}},"loc":{"start":{"line":107,"column":32},"end":{"line":110,"column":9}},"line":107},"20":{"name":"(anonymous_20)","decl":{"start":{"line":111,"column":15},"end":{"line":111,"column":16}},"loc":{"start":{"line":111,"column":30},"end":{"line":113,"column":9}},"line":111},"21":{"name":"(anonymous_21)","decl":{"start":{"line":117,"column":62},"end":{"line":117,"column":63}},"loc":{"start":{"line":117,"column":82},"end":{"line":196,"column":1}},"line":117},"22":{"name":"(anonymous_22)","decl":{"start":{"line":123,"column":14},"end":{"line":123,"column":15}},"loc":{"start":{"line":123,"column":34},"end":{"line":190,"column":9}},"line":123},"23":{"name":"(anonymous_23)","decl":{"start":{"line":124,"column":58},"end":{"line":124,"column":59}},"loc":{"start":{"line":124,"column":81},"end":{"line":189,"column":13}},"line":124},"24":{"name":"(anonymous_24)","decl":{"start":{"line":127,"column":30},"end":{"line":127,"column":31}},"loc":{"start":{"line":127,"column":46},"end":{"line":177,"column":25}},"line":127},"25":{"name":"(anonymous_25)","decl":{"start":{"line":134,"column":38},"end":{"line":134,"column":39}},"loc":{"start":{"line":134,"column":55},"end":{"line":173,"column":33}},"line":134},"26":{"name":"(anonymous_26)","decl":{"start":{"line":141,"column":62},"end":{"line":141,"column":63}},"loc":{"start":{"line":141,"column":80},"end":{"line":170,"column":37}},"line":141},"27":{"name":"(anonymous_27)","decl":{"start":{"line":144,"column":74},"end":{"line":144,"column":75}},"loc":{"start":{"line":144,"column":89},"end":{"line":146,"column":41}},"line":144},"28":{"name":"(anonymous_28)","decl":{"start":{"line":158,"column":54},"end":{"line":158,"column":55}},"loc":{"start":{"line":158,"column":72},"end":{"line":160,"column":49}},"line":158},"29":{"name":"(anonymous_29)","decl":{"start":{"line":161,"column":55},"end":{"line":161,"column":56}},"loc":{"start":{"line":161,"column":70},"end":{"line":163,"column":49}},"line":161},"30":{"name":"(anonymous_30)","decl":{"start":{"line":170,"column":45},"end":{"line":170,"column":46}},"loc":{"start":{"line":170,"column":60},"end":{"line":172,"column":37}},"line":170},"31":{"name":"(anonymous_31)","decl":{"start":{"line":174,"column":39},"end":{"line":174,"column":40}},"loc":{"start":{"line":174,"column":54},"end":{"line":176,"column":33}},"line":174},"32":{"name":"(anonymous_32)","decl":{"start":{"line":178,"column":31},"end":{"line":178,"column":32}},"loc":{"start":{"line":178,"column":46},"end":{"line":180,"column":25}},"line":178},"33":{"name":"(anonymous_33)","decl":{"start":{"line":191,"column":15},"end":{"line":191,"column":16}},"loc":{"start":{"line":191,"column":30},"end":{"line":193,"column":9}},"line":191},"34":{"name":"(anonymous_34)","decl":{"start":{"line":199,"column":44},"end":{"line":199,"column":45}},"loc":{"start":{"line":199,"column":64},"end":{"line":208,"column":1}},"line":199},"35":{"name":"(anonymous_35)","decl":{"start":{"line":202,"column":14},"end":{"line":202,"column":15}},"loc":{"start":{"line":202,"column":32},"end":{"line":204,"column":9}},"line":202},"36":{"name":"(anonymous_36)","decl":{"start":{"line":205,"column":15},"end":{"line":205,"column":16}},"loc":{"start":{"line":205,"column":30},"end":{"line":207,"column":9}},"line":205},"37":{"name":"(anonymous_37)","decl":{"start":{"line":209,"column":27},"end":{"line":209,"column":28}},"loc":{"start":{"line":209,"column":47},"end":{"line":217,"column":1}},"line":209},"38":{"name":"(anonymous_38)","decl":{"start":{"line":210,"column":30},"end":{"line":210,"column":31}},"loc":{"start":{"line":210,"column":44},"end":{"line":214,"column":5}},"line":210},"39":{"name":"(anonymous_39)","decl":{"start":{"line":214,"column":13},"end":{"line":214,"column":14}},"loc":{"start":{"line":214,"column":26},"end":{"line":216,"column":5}},"line":214}},"branchMap":{"0":{"loc":{"start":{"line":15,"column":4},"end":{"line":17,"column":5}},"type":"if","locations":[{"start":{"line":15,"column":4},"end":{"line":17,"column":5}},{"start":{"line":15,"column":4},"end":{"line":17,"column":5}}],"line":15},"1":{"loc":{"start":{"line":70,"column":8},"end":{"line":76,"column":9}},"type":"if","locations":[{"start":{"line":70,"column":8},"end":{"line":76,"column":9}},{"start":{"line":70,"column":8},"end":{"line":76,"column":9}}],"line":70},"2":{"loc":{"start":{"line":125,"column":16},"end":{"line":186,"column":17}},"type":"if","locations":[{"start":{"line":125,"column":16},"end":{"line":186,"column":17}},{"start":{"line":125,"column":16},"end":{"line":186,"column":17}}],"line":125},"3":{"loc":{"start":{"line":145,"column":51},"end":{"line":145,"column":165}},"type":"binary-expr","locations":[{"start":{"line":145,"column":51},"end":{"line":145,"column":87}},{"start":{"line":145,"column":91},"end":{"line":145,"column":135}},{"start":{"line":145,"column":139},"end":{"line":145,"column":165}}],"line":145},"4":{"loc":{"start":{"line":150,"column":40},"end":{"line":169,"column":41}},"type":"if","locations":[{"start":{"line":150,"column":40},"end":{"line":169,"column":41}},{"start":{"line":150,"column":40},"end":{"line":169,"column":41}}],"line":150}},"s":{"0":1,"1":1,"2":1,"3":1,"4":1,"5":1,"6":1,"7":1,"8":1,"9":0,"10":0,"11":0,"12":0,"13":0,"14":0,"15":0,"16":0,"17":0,"18":0,"19":0,"20":0,"21":0,"22":0,"23":0,"24":0,"25":1,"26":0,"27":0,"28":0,"29":0,"30":1,"31":0,"32":0,"33":0,"34":0,"35":1,"36":0,"37":0,"38":0,"39":0,"40":0,"41":0,"42":0,"43":1,"44":0,"45":0,"46":0,"47":1,"48":0,"49":0,"50":0,"51":1,"52":0,"53":0,"54":0,"55":0,"56":0,"57":1,"58":0,"59":0,"60":0,"61":0,"62":0,"63":0,"64":0,"65":0,"66":0,"67":0,"68":0,"69":0,"70":0,"71":0,"72":0,"73":0,"74":0,"75":0,"76":0,"77":0,"78":0,"79":0,"80":0,"81":0,"82":0,"83":0,"84":0,"85":1,"86":0,"87":0,"88":0,"89":0,"90":1,"91":0,"92":0,"93":0,"94":1},"f":{"0":0,"1":0,"2":0,"3":0,"4":0,"5":0,"6":0,"7":0,"8":0,"9":0,"10":0,"11":0,"12":0,"13":0,"14":0,"15":0,"16":0,"17":0,"18":0,"19":0,"20":0,"21":0,"22":0,"23":0,"24":0,"25":0,"26":0,"27":0,"28":0,"29":0,"30":0,"31":0,"32":0,"33":0,"34":0,"35":0,"36":0,"37":0,"38":0,"39":0},"b":{"0":[0,0],"1":[0,0],"2":[0,0],"3":[0,0,0],"4":[0,0]},"_coverageSchema":"1a1c01bbd47fc00a2c39e90264f33305004495a9","hash":"1d2089354e8f81ad72e1d0f8395b92cc17012842"}
,"C:\\Users\\Shankar\\agile development\\2ndWave_Econtent_Management_System\\backend\\route\\userRoute.js": {"path":"C:\\Users\\Shankar\\agile development\\2ndWave_Econtent_Management_System\\backend\\route\\userRoute.js","statementMap":{"0":{"start":{"line":1,"column":16},"end":{"line":1,"column":34}},"1":{"start":{"line":2,"column":14},"end":{"line":2,"column":38}},"2":{"start":{"line":3,"column":22},"end":{"line":3,"column":54}},"3":{"start":{"line":4,"column":36},"end":{"line":4,"column":64}},"4":{"start":{"line":5,"column":17},"end":{"line":5,"column":36}},"5":{"start":{"line":6,"column":12},"end":{"line":6,"column":35}},"6":{"start":{"line":7,"column":15},"end":{"line":7,"column":31}},"7":{"start":{"line":8,"column":15},"end":{"line":8,"column":46}},"8":{"start":{"line":9,"column":23},"end":{"line":9,"column":62}},"9":{"start":{"line":10,"column":22},"end":{"line":10,"column":54}},"10":{"start":{"line":11,"column":28},"end":{"line":11,"column":67}},"11":{"start":{"line":14,"column":0},"end":{"line":61,"column":2}},"12":{"start":{"line":25,"column":19},"end":{"line":25,"column":40}},"13":{"start":{"line":26,"column":4},"end":{"line":26,"column":27}},"14":{"start":{"line":27,"column":4},"end":{"line":60,"column":5}},"15":{"start":{"line":28,"column":8},"end":{"line":32,"column":9}},"16":{"start":{"line":29,"column":12},"end":{"line":29,"column":35}},"17":{"start":{"line":30,"column":12},"end":{"line":30,"column":91}},"18":{"start":{"line":33,"column":8},"end":{"line":56,"column":10}},"19":{"start":{"line":34,"column":25},"end":{"line":47,"column":14}},"20":{"start":{"line":48,"column":12},"end":{"line":55,"column":18}},"21":{"start":{"line":50,"column":20},"end":{"line":50,"column":88}},"22":{"start":{"line":54,"column":20},"end":{"line":54,"column":73}},"23":{"start":{"line":58,"column":8},"end":{"line":58,"column":35}},"24":{"start":{"line":59,"column":8},"end":{"line":59,"column":44}},"25":{"start":{"line":64,"column":0},"end":{"line":95,"column":2}},"26":{"start":{"line":65,"column":18},"end":{"line":65,"column":32}},"27":{"start":{"line":66,"column":21},"end":{"line":66,"column":38}},"28":{"start":{"line":69,"column":4},"end":{"line":94,"column":9}},"29":{"start":{"line":71,"column":12},"end":{"line":74,"column":13}},"30":{"start":{"line":73,"column":16},"end":{"line":73,"column":116}},"31":{"start":{"line":75,"column":12},"end":{"line":88,"column":14}},"32":{"start":{"line":76,"column":16},"end":{"line":78,"column":17}},"33":{"start":{"line":77,"column":20},"end":{"line":77,"column":123}},"34":{"start":{"line":80,"column":30},"end":{"line":80,"column":77}},"35":{"start":{"line":81,"column":16},"end":{"line":87,"column":18}},"36":{"start":{"line":92,"column":16},"end":{"line":92,"column":54}},"37":{"start":{"line":98,"column":0},"end":{"line":104,"column":3}},"38":{"start":{"line":99,"column":4},"end":{"line":103,"column":6}},"39":{"start":{"line":100,"column":8},"end":{"line":100,"column":85}},"40":{"start":{"line":102,"column":8},"end":{"line":102,"column":67}},"41":{"start":{"line":108,"column":0},"end":{"line":154,"column":3}},"42":{"start":{"line":109,"column":30},"end":{"line":109,"column":44}},"43":{"start":{"line":110,"column":28},"end":{"line":110,"column":44}},"44":{"start":{"line":111,"column":30},"end":{"line":111,"column":53}},"45":{"start":{"line":112,"column":31},"end":{"line":112,"column":49}},"46":{"start":{"line":113,"column":4},"end":{"line":153,"column":10}},"47":{"start":{"line":117,"column":39},"end":{"line":117,"column":50}},"48":{"start":{"line":118,"column":37},"end":{"line":118,"column":55}},"49":{"start":{"line":119,"column":38},"end":{"line":119,"column":51}},"50":{"start":{"line":121,"column":12},"end":{"line":152,"column":18}},"51":{"start":{"line":123,"column":20},"end":{"line":123,"column":40}},"52":{"start":{"line":124,"column":37},"end":{"line":126,"column":22}},"53":{"start":{"line":125,"column":24},"end":{"line":125,"column":120}},"54":{"start":{"line":127,"column":20},"end":{"line":127,"column":45}},"55":{"start":{"line":128,"column":20},"end":{"line":128,"column":43}},"56":{"start":{"line":130,"column":20},"end":{"line":146,"column":21}},"57":{"start":{"line":131,"column":47},"end":{"line":134,"column":26}},"58":{"start":{"line":135,"column":24},"end":{"line":141,"column":30}},"59":{"start":{"line":137,"column":32},"end":{"line":137,"column":119}},"60":{"start":{"line":140,"column":32},"end":{"line":140,"column":70}},"61":{"start":{"line":144,"column":24},"end":{"line":144,"column":111}},"62":{"start":{"line":151,"column":20},"end":{"line":151,"column":58}},"63":{"start":{"line":157,"column":0},"end":{"line":166,"column":2}},"64":{"start":{"line":158,"column":19},"end":{"line":158,"column":32}},"65":{"start":{"line":159,"column":4},"end":{"line":165,"column":10}},"66":{"start":{"line":161,"column":12},"end":{"line":161,"column":29}},"67":{"start":{"line":162,"column":12},"end":{"line":162,"column":99}},"68":{"start":{"line":164,"column":12},"end":{"line":164,"column":50}},"69":{"start":{"line":169,"column":0},"end":{"line":191,"column":2}},"70":{"start":{"line":170,"column":16},"end":{"line":170,"column":29}},"71":{"start":{"line":171,"column":23},"end":{"line":171,"column":42}},"72":{"start":{"line":172,"column":22},"end":{"line":172,"column":40}},"73":{"start":{"line":173,"column":18},"end":{"line":173,"column":32}},"74":{"start":{"line":174,"column":16},"end":{"line":174,"column":28}},"75":{"start":{"line":175,"column":25},"end":{"line":175,"column":46}},"76":{"start":{"line":176,"column":20},"end":{"line":176,"column":36}},"77":{"start":{"line":177,"column":19},"end":{"line":177,"column":34}},"78":{"start":{"line":178,"column":29},"end":{"line":178,"column":54}},"79":{"start":{"line":180,"column":4},"end":{"line":188,"column":10}},"80":{"start":{"line":184,"column":12},"end":{"line":184,"column":80}},"81":{"start":{"line":187,"column":12},"end":{"line":187,"column":50}},"82":{"start":{"line":194,"column":0},"end":{"line":202,"column":2}},"83":{"start":{"line":195,"column":16},"end":{"line":195,"column":29}},"84":{"start":{"line":196,"column":4},"end":{"line":201,"column":10}},"85":{"start":{"line":198,"column":12},"end":{"line":198,"column":78}},"86":{"start":{"line":200,"column":12},"end":{"line":200,"column":50}},"87":{"start":{"line":207,"column":0},"end":{"line":232,"column":2}},"88":{"start":{"line":208,"column":18},"end":{"line":208,"column":34}},"89":{"start":{"line":209,"column":4},"end":{"line":229,"column":10}},"90":{"start":{"line":211,"column":12},"end":{"line":226,"column":13}},"91":{"start":{"line":212,"column":29},"end":{"line":214,"column":18}},"92":{"start":{"line":215,"column":16},"end":{"line":222,"column":22}},"93":{"start":{"line":217,"column":24},"end":{"line":217,"column":108}},"94":{"start":{"line":221,"column":24},"end":{"line":221,"column":77}},"95":{"start":{"line":225,"column":16},"end":{"line":225,"column":94}},"96":{"start":{"line":228,"column":12},"end":{"line":228,"column":50}},"97":{"start":{"line":235,"column":0},"end":{"line":263,"column":2}},"98":{"start":{"line":236,"column":15},"end":{"line":236,"column":30}},"99":{"start":{"line":237,"column":4},"end":{"line":259,"column":6}},"100":{"start":{"line":238,"column":8},"end":{"line":258,"column":10}},"101":{"start":{"line":239,"column":12},"end":{"line":257,"column":13}},"102":{"start":{"line":240,"column":16},"end":{"line":240,"column":98}},"103":{"start":{"line":243,"column":16},"end":{"line":255,"column":19}},"104":{"start":{"line":244,"column":20},"end":{"line":254,"column":21}},"105":{"start":{"line":248,"column":28},"end":{"line":248,"column":96}},"106":{"start":{"line":252,"column":28},"end":{"line":252,"column":83}},"107":{"start":{"line":267,"column":0},"end":{"line":267,"column":24}}},"fnMap":{"0":{"name":"(anonymous_0)","decl":{"start":{"line":24,"column":3},"end":{"line":24,"column":4}},"loc":{"start":{"line":24,"column":23},"end":{"line":61,"column":1}},"line":24},"1":{"name":"(anonymous_1)","decl":{"start":{"line":33,"column":45},"end":{"line":33,"column":46}},"loc":{"start":{"line":33,"column":66},"end":{"line":56,"column":9}},"line":33},"2":{"name":"(anonymous_2)","decl":{"start":{"line":49,"column":16},"end":{"line":49,"column":17}},"loc":{"start":{"line":49,"column":34},"end":{"line":51,"column":17}},"line":49},"3":{"name":"(anonymous_3)","decl":{"start":{"line":53,"column":16},"end":{"line":53,"column":17}},"loc":{"start":{"line":53,"column":31},"end":{"line":55,"column":17}},"line":53},"4":{"name":"(anonymous_4)","decl":{"start":{"line":64,"column":27},"end":{"line":64,"column":28}},"loc":{"start":{"line":64,"column":47},"end":{"line":95,"column":1}},"line":64},"5":{"name":"(anonymous_5)","decl":{"start":{"line":70,"column":13},"end":{"line":70,"column":14}},"loc":{"start":{"line":70,"column":33},"end":{"line":90,"column":9}},"line":70},"6":{"name":"(anonymous_6)","decl":{"start":{"line":75,"column":58},"end":{"line":75,"column":59}},"loc":{"start":{"line":75,"column":81},"end":{"line":88,"column":13}},"line":75},"7":{"name":"(anonymous_7)","decl":{"start":{"line":91,"column":12},"end":{"line":91,"column":13}},"loc":{"start":{"line":91,"column":27},"end":{"line":93,"column":13}},"line":91},"8":{"name":"(anonymous_8)","decl":{"start":{"line":98,"column":31},"end":{"line":98,"column":32}},"loc":{"start":{"line":98,"column":51},"end":{"line":104,"column":1}},"line":98},"9":{"name":"(anonymous_9)","decl":{"start":{"line":99,"column":56},"end":{"line":99,"column":57}},"loc":{"start":{"line":99,"column":72},"end":{"line":101,"column":5}},"line":99},"10":{"name":"(anonymous_10)","decl":{"start":{"line":101,"column":13},"end":{"line":101,"column":14}},"loc":{"start":{"line":101,"column":28},"end":{"line":103,"column":5}},"line":101},"11":{"name":"(anonymous_11)","decl":{"start":{"line":108,"column":66},"end":{"line":108,"column":67}},"loc":{"start":{"line":108,"column":86},"end":{"line":154,"column":1}},"line":108},"12":{"name":"(anonymous_12)","decl":{"start":{"line":114,"column":14},"end":{"line":114,"column":15}},"loc":{"start":{"line":114,"column":30},"end":{"line":153,"column":9}},"line":114},"13":{"name":"(anonymous_13)","decl":{"start":{"line":122,"column":22},"end":{"line":122,"column":23}},"loc":{"start":{"line":122,"column":41},"end":{"line":149,"column":17}},"line":122},"14":{"name":"(anonymous_14)","decl":{"start":{"line":124,"column":52},"end":{"line":124,"column":53}},"loc":{"start":{"line":124,"column":67},"end":{"line":126,"column":21}},"line":124},"15":{"name":"(anonymous_15)","decl":{"start":{"line":136,"column":34},"end":{"line":136,"column":35}},"loc":{"start":{"line":136,"column":52},"end":{"line":138,"column":29}},"line":136},"16":{"name":"(anonymous_16)","decl":{"start":{"line":139,"column":35},"end":{"line":139,"column":36}},"loc":{"start":{"line":139,"column":50},"end":{"line":141,"column":29}},"line":139},"17":{"name":"(anonymous_17)","decl":{"start":{"line":150,"column":23},"end":{"line":150,"column":24}},"loc":{"start":{"line":150,"column":38},"end":{"line":152,"column":17}},"line":150},"18":{"name":"(anonymous_18)","decl":{"start":{"line":157,"column":62},"end":{"line":157,"column":63}},"loc":{"start":{"line":157,"column":82},"end":{"line":166,"column":1}},"line":157},"19":{"name":"(anonymous_19)","decl":{"start":{"line":160,"column":14},"end":{"line":160,"column":15}},"loc":{"start":{"line":160,"column":30},"end":{"line":163,"column":9}},"line":160},"20":{"name":"(anonymous_20)","decl":{"start":{"line":163,"column":17},"end":{"line":163,"column":18}},"loc":{"start":{"line":163,"column":32},"end":{"line":165,"column":9}},"line":163},"21":{"name":"(anonymous_21)","decl":{"start":{"line":169,"column":31},"end":{"line":169,"column":32}},"loc":{"start":{"line":169,"column":51},"end":{"line":191,"column":1}},"line":169},"22":{"name":"(anonymous_22)","decl":{"start":{"line":183,"column":14},"end":{"line":183,"column":15}},"loc":{"start":{"line":183,"column":32},"end":{"line":185,"column":9}},"line":183},"23":{"name":"(anonymous_23)","decl":{"start":{"line":186,"column":15},"end":{"line":186,"column":16}},"loc":{"start":{"line":186,"column":30},"end":{"line":188,"column":9}},"line":186},"24":{"name":"(anonymous_24)","decl":{"start":{"line":194,"column":34},"end":{"line":194,"column":35}},"loc":{"start":{"line":194,"column":54},"end":{"line":202,"column":1}},"line":194},"25":{"name":"(anonymous_25)","decl":{"start":{"line":197,"column":14},"end":{"line":197,"column":15}},"loc":{"start":{"line":197,"column":32},"end":{"line":199,"column":9}},"line":197},"26":{"name":"(anonymous_26)","decl":{"start":{"line":199,"column":17},"end":{"line":199,"column":18}},"loc":{"start":{"line":199,"column":32},"end":{"line":201,"column":9}},"line":199},"27":{"name":"(anonymous_27)","decl":{"start":{"line":207,"column":59},"end":{"line":207,"column":60}},"loc":{"start":{"line":207,"column":79},"end":{"line":232,"column":1}},"line":207},"28":{"name":"(anonymous_28)","decl":{"start":{"line":210,"column":14},"end":{"line":210,"column":15}},"loc":{"start":{"line":210,"column":30},"end":{"line":227,"column":9}},"line":210},"29":{"name":"(anonymous_29)","decl":{"start":{"line":216,"column":20},"end":{"line":216,"column":21}},"loc":{"start":{"line":216,"column":38},"end":{"line":218,"column":21}},"line":216},"30":{"name":"(anonymous_30)","decl":{"start":{"line":220,"column":20},"end":{"line":220,"column":21}},"loc":{"start":{"line":220,"column":35},"end":{"line":222,"column":21}},"line":220},"31":{"name":"(anonymous_31)","decl":{"start":{"line":227,"column":17},"end":{"line":227,"column":18}},"loc":{"start":{"line":227,"column":32},"end":{"line":229,"column":9}},"line":227},"32":{"name":"(anonymous_32)","decl":{"start":{"line":235,"column":50},"end":{"line":235,"column":51}},"loc":{"start":{"line":235,"column":70},"end":{"line":263,"column":1}},"line":235},"33":{"name":"(anonymous_33)","decl":{"start":{"line":237,"column":36},"end":{"line":237,"column":37}},"loc":{"start":{"line":237,"column":52},"end":{"line":259,"column":5}},"line":237},"34":{"name":"(anonymous_34)","decl":{"start":{"line":238,"column":59},"end":{"line":238,"column":60}},"loc":{"start":{"line":238,"column":82},"end":{"line":258,"column":9}},"line":238},"35":{"name":"(anonymous_35)","decl":{"start":{"line":243,"column":56},"end":{"line":243,"column":57}},"loc":{"start":{"line":243,"column":77},"end":{"line":255,"column":17}},"line":243},"36":{"name":"(anonymous_36)","decl":{"start":{"line":247,"column":24},"end":{"line":247,"column":25}},"loc":{"start":{"line":247,"column":42},"end":{"line":249,"column":25}},"line":247},"37":{"name":"(anonymous_37)","decl":{"start":{"line":251,"column":24},"end":{"line":251,"column":25}},"loc":{"start":{"line":251,"column":42},"end":{"line":253,"column":25}},"line":251}},"branchMap":{"0":{"loc":{"start":{"line":27,"column":4},"end":{"line":60,"column":5}},"type":"if","locations":[{"start":{"line":27,"column":4},"end":{"line":60,"column":5}},{"start":{"line":27,"column":4},"end":{"line":60,"column":5}}],"line":27},"1":{"loc":{"start":{"line":28,"column":8},"end":{"line":32,"column":9}},"type":"if","locations":[{"start":{"line":28,"column":8},"end":{"line":32,"column":9}},{"start":{"line":28,"column":8},"end":{"line":32,"column":9}}],"line":28},"2":{"loc":{"start":{"line":71,"column":12},"end":{"line":74,"column":13}},"type":"if","locations":[{"start":{"line":71,"column":12},"end":{"line":74,"column":13}},{"start":{"line":71,"column":12},"end":{"line":74,"column":13}}],"line":71},"3":{"loc":{"start":{"line":76,"column":16},"end":{"line":78,"column":17}},"type":"if","locations":[{"start":{"line":76,"column":16},"end":{"line":78,"column":17}},{"start":{"line":76,"column":16},"end":{"line":78,"column":17}}],"line":76},"4":{"loc":{"start":{"line":125,"column":31},"end":{"line":125,"column":120}},"type":"binary-expr","locations":[{"start":{"line":125,"column":31},"end":{"line":125,"column":72}},{"start":{"line":125,"column":76},"end":{"line":125,"column":120}}],"line":125},"5":{"loc":{"start":{"line":130,"column":20},"end":{"line":146,"column":21}},"type":"if","locations":[{"start":{"line":130,"column":20},"end":{"line":146,"column":21}},{"start":{"line":130,"column":20},"end":{"line":146,"column":21}}],"line":130},"6":{"loc":{"start":{"line":211,"column":12},"end":{"line":226,"column":13}},"type":"if","locations":[{"start":{"line":211,"column":12},"end":{"line":226,"column":13}},{"start":{"line":211,"column":12},"end":{"line":226,"column":13}}],"line":211},"7":{"loc":{"start":{"line":239,"column":12},"end":{"line":257,"column":13}},"type":"if","locations":[{"start":{"line":239,"column":12},"end":{"line":257,"column":13}},{"start":{"line":239,"column":12},"end":{"line":257,"column":13}}],"line":239}},"s":{"0":1,"1":1,"2":1,"3":1,"4":1,"5":1,"6":1,"7":1,"8":1,"9":1,"10":1,"11":1,"12":0,"13":0,"14":0,"15":0,"16":0,"17":0,"18":0,"19":0,"20":0,"21":0,"22":0,"23":0,"24":0,"25":1,"26":0,"27":0,"28":0,"29":0,"30":0,"31":0,"32":0,"33":0,"34":0,"35":0,"36":0,"37":1,"38":0,"39":0,"40":0,"41":1,"42":0,"43":0,"44":0,"45":0,"46":0,"47":0,"48":0,"49":0,"50":0,"51":0,"52":0,"53":0,"54":0,"55":0,"56":0,"57":0,"58":0,"59":0,"60":0,"61":0,"62":0,"63":1,"64":0,"65":0,"66":0,"67":0,"68":0,"69":1,"70":0,"71":0,"72":0,"73":0,"74":0,"75":0,"76":0,"77":0,"78":0,"79":0,"80":0,"81":0,"82":1,"83":0,"84":0,"85":0,"86":0,"87":1,"88":0,"89":0,"90":0,"91":0,"92":0,"93":0,"94":0,"95":0,"96":0,"97":1,"98":1,"99":1,"100":1,"101":1,"102":1,"103":0,"104":0,"105":0,"106":0,"107":1},"f":{"0":0,"1":0,"2":0,"3":0,"4":0,"5":0,"6":0,"7":0,"8":0,"9":0,"10":0,"11":0,"12":0,"13":0,"14":0,"15":0,"16":0,"17":0,"18":0,"19":0,"20":0,"21":0,"22":0,"23":0,"24":0,"25":0,"26":0,"27":0,"28":0,"29":0,"30":0,"31":0,"32":1,"33":1,"34":1,"35":0,"36":0,"37":0},"b":{"0":[0,0],"1":[0,0],"2":[0,0],"3":[0,0],"4":[0,0],"5":[0,0],"6":[0,0],"7":[1,0]},"_coverageSchema":"1a1c01bbd47fc00a2c39e90264f33305004495a9","hash":"7ea7f0f3657a9263e599d3954a8f8a061977b3be"}
}
